2023-02-28 20:08:16,710 INFO (http-nio-8080-exec-2) [org.toyota.resources.UserManagementController] - Saving user...
2023-02-28 20:08:16,812 ERROR (http-nio-8080-exec-2) [org.toyota.services.UserManagementImpl] - Violations caught.
2023-03-03 17:20:55,021 INFO (http-nio-8080-exec-2) [org.toyota.resources.UserManagementController] - Saving user...
2023-03-03 17:20:55,155 ERROR (http-nio-8080-exec-2) [org.toyota.services.UserManagementImpl] - Violations found when saving user.
2023-03-03 17:20:55,155 ERROR (http-nio-8080-exec-2) [org.toyota.services.UserManagementImpl] - username: must not be blank
2023-03-03 17:22:57,186 INFO (http-nio-8080-exec-2) [org.toyota.resources.UserManagementController] - Saving user...
2023-03-03 17:22:57,290 ERROR (http-nio-8080-exec-2) [org.toyota.services.UserManagementImpl] - Violations found when saving user.
2023-03-03 17:22:57,291 ERROR (http-nio-8080-exec-2) [org.toyota.services.UserManagementImpl] - username: must not be blank
2023-03-03 17:26:45,352 INFO (http-nio-8080-exec-2) [org.toyota.resources.UserManagementController] - Saving user...
2023-03-03 17:26:45,575 ERROR (http-nio-8080-exec-2) [org.toyota.services.UserManagementImpl] - Saving user failed. Violations found.
2023-03-03 17:26:45,586 ERROR (http-nio-8080-exec-2) [org.toyota.services.UserManagementImpl] - username: must not be blank
2023-03-03 17:26:51,747 INFO (http-nio-8080-exec-3) [org.toyota.resources.UserManagementController] - Saving user...
2023-03-03 17:26:51,750 ERROR (http-nio-8080-exec-3) [org.toyota.services.UserManagementImpl] - Saving user failed. Violations found.
2023-03-03 17:26:51,750 ERROR (http-nio-8080-exec-3) [org.toyota.services.UserManagementImpl] - email: must not be blank
2023-03-03 17:26:54,359 INFO (http-nio-8080-exec-4) [org.toyota.resources.UserManagementController] - Saving user...
2023-03-03 17:26:54,362 ERROR (http-nio-8080-exec-4) [org.toyota.services.UserManagementImpl] - Saving user failed. Violations found.
2023-03-03 17:26:54,363 ERROR (http-nio-8080-exec-4) [org.toyota.services.UserManagementImpl] - username: must not be blank
2023-03-03 23:21:40,031 INFO (http-nio-8080-exec-1) [org.toyota.resources.UserManagementController] - Saving user...
2023-03-03 23:21:40,160 INFO (http-nio-8080-exec-1) [org.toyota.services.UserManagementImpl] - user with username hadisab saved successfully
2023-03-03 23:21:51,041 INFO (http-nio-8080-exec-3) [org.toyota.services.UserManagementImpl] - user hadisab updated successfully
2023-03-03 23:22:00,468 INFO (http-nio-8080-exec-5) [org.toyota.services.UserManagementImpl] - user hadisab updated successfully
2023-03-03 23:22:23,970 INFO (http-nio-8080-exec-8) [org.toyota.services.UserManagementImpl] - user with username hadisab deactivation successful
2023-03-03 23:22:36,928 INFO (http-nio-8080-exec-3) [org.toyota.services.UserManagementImpl] - user hadisab updated successfully
2023-03-03 23:22:39,730 INFO (http-nio-8080-exec-4) [org.toyota.services.UserManagementImpl] - user with username hadisab deactivation successful
2023-03-03 23:22:51,416 INFO (http-nio-8080-exec-6) [org.toyota.resources.UserManagementController] - Saving user...
2023-03-03 23:22:51,421 ERROR (http-nio-8080-exec-6) [org.toyota.services.UserManagementImpl] - Saving user failed. user with username hadisab exists
2023-03-03 23:22:54,147 INFO (http-nio-8080-exec-7) [org.toyota.services.UserManagementImpl] - user hadisab updated successfully
2023-03-06 02:47:23,161 INFO (http-nio-8080-exec-4) [org.toyota.services.UserManagementImpl] - User with username hadisab deactivation successful
2023-03-06 02:47:27,571 INFO (http-nio-8080-exec-5) [org.toyota.services.UserManagementImpl] - user hadisab updated successfully
2023-03-06 02:47:37,742 INFO (http-nio-8080-exec-9) [org.toyota.resources.TestController] - Saving user...
2023-03-07 23:14:00,242 INFO (http-nio-8080-exec-6) [org.toyota.services.UserManagementImpl] - User with username hadisab deactivation successful
2023-03-07 23:14:11,758 INFO (http-nio-8080-exec-8) [org.toyota.services.UserManagementImpl] - user hadisab updated successfully
2023-03-07 23:57:52,821 INFO (http-nio-8080-exec-4) [org.toyota.services.UserManagementImpl] - User with username hadisab deactivation successful
2023-03-07 23:57:54,181 INFO (http-nio-8080-exec-5) [org.toyota.resources.UserManagementController] - Empty list returned from findAll.
2023-03-07 23:57:56,106 INFO (http-nio-8080-exec-6) [org.toyota.services.UserManagementImpl] - user hadisab updated successfully
2023-03-08 13:27:28,805 INFO (http-nio-8080-exec-4) [org.toyota.services.UserManagementImpl] - User with username hadisab deactivation successful
2023-03-08 13:27:33,916 INFO (http-nio-8080-exec-5) [org.toyota.resources.UserManagementController] - Empty list returned from findAll.
2023-03-08 13:27:35,861 INFO (http-nio-8080-exec-6) [org.toyota.services.UserManagementImpl] - user hadisab updated successfully
2023-03-08 13:27:52,312 INFO (http-nio-8080-exec-7) [org.toyota.services.UserManagementImpl] - user hadisab updated successfully
2023-03-08 13:27:59,258 INFO (http-nio-8080-exec-9) [org.toyota.services.UserManagementImpl] - User with username hadisab deactivation successful
2023-03-08 13:28:01,766 INFO (http-nio-8080-exec-10) [org.toyota.resources.UserManagementController] - Empty list returned from findAll.
2023-03-08 13:28:04,566 INFO (http-nio-8080-exec-2) [org.toyota.services.UserManagementImpl] - user hadisab updated successfully
2023-03-08 13:29:33,476 INFO (http-nio-8080-exec-4) [org.toyota.services.UserManagementImpl] - User with username hadisab deactivation successful
2023-03-08 13:29:36,327 INFO (http-nio-8080-exec-5) [org.toyota.services.UserManagementImpl] - user hadisab updated successfully
2023-03-10 01:54:39,583 INFO (http-nio-8080-exec-4) [org.toyota.services.UserManagementImpl] - user with username test saved successfully
2023-03-10 01:54:48,805 INFO (http-nio-8080-exec-6) [org.toyota.services.UserManagementImpl] - User with username test deactivation successful
2023-03-10 01:54:59,317 INFO (http-nio-8080-exec-8) [org.toyota.services.UserManagementImpl] - user hadisabbActiveAgain2 updated successfully
2023-03-10 02:06:15,103 INFO (http-nio-8080-exec-3) [org.toyota.services.UserManagementImpl] - user with username test saved successfully
2023-03-10 02:08:48,768 INFO (http-nio-8080-exec-4) [org.toyota.services.UserManagementImpl] - User with username hadisabbActiveAgain2 deactivation successful
2023-03-10 02:08:50,657 INFO (http-nio-8080-exec-5) [org.toyota.services.UserManagementImpl] - User with username hadisabbActiveAgain2 deactivation successful
2023-03-10 02:13:40,851 INFO (http-nio-8080-exec-1) [org.toyota.services.UserManagementImpl] - Deactivating a user that is already not active.
2023-03-10 02:15:20,877 INFO (http-nio-8080-exec-9) [org.toyota.services.UserManagementImpl] - user hadisabbActivated updated successfully
